<?xml version="1.0" encoding="UTF-8"?>
<testsuite xmlns:xsi="http://www.w3.org/2001/XMLSchema-instance" xsi:noNamespaceSchemaLocation="https://maven.apache.org/surefire/maven-surefire-plugin/xsd/surefire-test-report-3.0.xsd" version="3.0" name="com.manus.patrimonio.PatrimonioApiApplicationTests" time="5.775" tests="1" errors="0" skipped="0" failures="0">
  <properties>
[...]
</properties>
  <testcase name="contextLoads" classname="com.manus.patrimonio.PatrimonioApiApplicationTests" time="0.285">
    <system-out><![CDATA[16:42:23.453 [main] INFO org.springframework.test.context.support.AnnotationConfigContextLoaderUtils -- Could not detect default configuration classes for test class [com.manus.patrimonio.PatrimonioApiApplicationTests]: PatrimonioApiApplicationTests does not declare any static, non-private, non-final, nested classes annotated with @Configuration.
16:42:23.504 [main] INFO org.springframework.boot.test.context.SpringBootTestContextBootstrapper -- Found @SpringBootConfiguration com.manus.patrimonio.SistemaPatrimonioApplication for test class com.manus.patrimonio.PatrimonioApiApplicationTests
  .   ____          _            __ _ _
 /\\ / ___'_ __ _ _(_)_ __  __ _ \ \ \ \
( ( )\___ | '_ | '_| | '_ \/ _` | \ \ \ \
 \\/  ___)| |_)| | | | | || (_| |  ) ) ) )
  '  |____| .__|_| |_|_| |_\__, | / / / /
 =========|_|==============|___/=/_/_/_/

 :: Spring Boot ::                (v3.3.0)

2025-08-13 16:42:23 - Starting PatrimonioApiApplicationTests using Java 23.0.2 with PID 409532 (started by jairo in /home/jairo/git/patrimonio/patrimonio-api)
2025-08-13 16:42:23 - Running with Spring Boot v3.3.0, Spring v6.1.8
2025-08-13 16:42:23 - The following 1 profile is active: "test"
2025-08-13 16:42:24 - Multiple Spring Data modules found, entering strict repository configuration mode
2025-08-13 16:42:24 - Bootstrapping Spring Data JPA repositories in DEFAULT mode.
2025-08-13 16:42:24 - Finished Spring Data repository scanning in 86 ms. Found 12 JPA repository interfaces.
2025-08-13 16:42:24 - Multiple Spring Data modules found, entering strict repository configuration mode
2025-08-13 16:42:24 - Bootstrapping Spring Data Redis repositories in DEFAULT mode.
2025-08-13 16:42:24 - Spring Data Redis - Could not safely identify store assignment for repository candidate interface com.manus.patrimonio.repository.AuditoriaRepository; If you want this repository to be a Redis repository, consider annotating your entities with one of these annotations: org.springframework.data.redis.core.RedisHash (preferred), or consider extending one of the following types with your repository: org.springframework.data.keyvalue.repository.KeyValueRepository
2025-08-13 16:42:24 - Spring Data Redis - Could not safely identify store assignment for repository candidate interface com.manus.patrimonio.repository.BaixaRepository; If you want this repository to be a Redis repository, consider annotating your entities with one of these annotations: org.springframework.data.redis.core.RedisHash (preferred), or consider extending one of the following types with your repository: org.springframework.data.keyvalue.repository.KeyValueRepository
2025-08-13 16:42:24 - Spring Data Redis - Could not safely identify store assignment for repository candidate interface com.manus.patrimonio.repository.BemRepository; If you want this repository to be a Redis repository, consider annotating your entities with one of these annotations: org.springframework.data.redis.core.RedisHash (preferred), or consider extending one of the following types with your repository: org.springframework.data.keyvalue.repository.KeyValueRepository
2025-08-13 16:42:24 - Spring Data Redis - Could not safely identify store assignment for repository candidate interface com.manus.patrimonio.repository.CategoriaRepository; If you want this repository to be a Redis repository, consider annotating your entities with one of these annotations: org.springframework.data.redis.core.RedisHash (preferred), or consider extending one of the following types with your repository: org.springframework.data.keyvalue.repository.KeyValueRepository
2025-08-13 16:42:24 - Spring Data Redis - Could not safely identify store assignment for repository candidate interface com.manus.patrimonio.repository.ConfiguracaoRepository; If you want this repository to be a Redis repository, consider annotating your entities with one of these annotations: org.springframework.data.redis.core.RedisHash (preferred), or consider extending one of the following types with your repository: org.springframework.data.keyvalue.repository.KeyValueRepository
2025-08-13 16:42:24 - Spring Data Redis - Could not safely identify store assignment for repository candidate interface com.manus.patrimonio.repository.InventarioRepository; If you want this repository to be a Redis repository, consider annotating your entities with one of these annotations: org.springframework.data.redis.core.RedisHash (preferred), or consider extending one of the following types with your repository: org.springframework.data.keyvalue.repository.KeyValueRepository
2025-08-13 16:42:24 - Spring Data Redis - Could not safely identify store assignment for repository candidate interface com.manus.patrimonio.repository.LocalizacaoRepository; If you want this repository to be a Redis repository, consider annotating your entities with one of these annotations: org.springframework.data.redis.core.RedisHash (preferred), or consider extending one of the following types with your repository: org.springframework.data.keyvalue.repository.KeyValueRepository
2025-08-13 16:42:24 - Spring Data Redis - Could not safely identify store assignment for repository candidate interface com.manus.patrimonio.repository.ManutencaoRepository; If you want this repository to be a Redis repository, consider annotating your entities with one of these annotations: org.springframework.data.redis.core.RedisHash (preferred), or consider extending one of the following types with your repository: org.springframework.data.keyvalue.repository.KeyValueRepository
2025-08-13 16:42:24 - Spring Data Redis - Could not safely identify store assignment for repository candidate interface com.manus.patrimonio.repository.MovimentacaoRepository; If you want this repository to be a Redis repository, consider annotating your entities with one of these annotations: org.springframework.data.redis.core.RedisHash (preferred), or consider extending one of the following types with your repository: org.springframework.data.keyvalue.repository.KeyValueRepository
2025-08-13 16:42:24 - Spring Data Redis - Could not safely identify store assignment for repository candidate interface com.manus.patrimonio.repository.NotificacaoRepository; If you want this repository to be a Redis repository, consider annotating your entities with one of these annotations: org.springframework.data.redis.core.RedisHash (preferred), or consider extending one of the following types with your repository: org.springframework.data.keyvalue.repository.KeyValueRepository
2025-08-13 16:42:24 - Spring Data Redis - Could not safely identify store assignment for repository candidate interface com.manus.patrimonio.repository.PerfilRepository; If you want this repository to be a Redis repository, consider annotating your entities with one of these annotations: org.springframework.data.redis.core.RedisHash (preferred), or consider extending one of the following types with your repository: org.springframework.data.keyvalue.repository.KeyValueRepository
2025-08-13 16:42:24 - Spring Data Redis - Could not safely identify store assignment for repository candidate interface com.manus.patrimonio.repository.UsuarioRepository; If you want this repository to be a Redis repository, consider annotating your entities with one of these annotations: org.springframework.data.redis.core.RedisHash (preferred), or consider extending one of the following types with your repository: org.springframework.data.keyvalue.repository.KeyValueRepository
2025-08-13 16:42:24 - Finished Spring Data repository scanning in 11 ms. Found 0 Redis repository interfaces.
2025-08-13 16:42:24 - HikariPool-1 - Starting...
2025-08-13 16:42:24 - HikariPool-1 - Added connection org.postgresql.jdbc.PgConnection@3f3a6091
2025-08-13 16:42:24 - HikariPool-1 - Start completed.
2025-08-13 16:42:24 - Database: jdbc:postgresql://localhost:5432/patrimonio_db (PostgreSQL 15.13)
2025-08-13 16:42:24 - Schema history table "public"."flyway_schema_history" does not exist yet
2025-08-13 16:42:24 - Successfully validated 12 migrations (execution time 00:00.010s)
2025-08-13 16:42:24 - Creating Schema History table "public"."flyway_schema_history" ...
2025-08-13 16:42:25 - Current version of schema "public": << Empty Schema >>
2025-08-13 16:42:25 - Migrating schema "public" to version "1 - Create initial tables"
2025-08-13 16:42:25 - Migrating schema "public" to version "2 - Insert initial data"
2025-08-13 16:42:25 - Migrating schema "public" to version "3 - Fix auditoria table"
2025-08-13 16:42:25 - Migrating schema "public" to version "4 - Add missing auditoria columns"
2025-08-13 16:42:25 - Migrating schema "public" to version "5 - Add missing baixas columns"
2025-08-13 16:42:25 - Migrating schema "public" to version "6 - Add data aprovacao column"
2025-08-13 16:42:25 - Migrating schema "public" to version "7 - Add missing bens columns"
2025-08-13 16:42:25 - DB: column "nome" of relation "bens" already exists, skipping (SQL State: 42701 - Error Code: 0)
2025-08-13 16:42:25 - DB: column "garantia_ate" of relation "bens" already exists, skipping (SQL State: 42701 - Error Code: 0)
2025-08-13 16:42:25 - Migrating schema "public" to version "8 - Add ativo column"
2025-08-13 16:42:25 - Migrating schema "public" to version "9 - Add remaining bens columns"
2025-08-13 16:42:25 - Migrating schema "public" to version "10 - Add fabricante fornecedor columns"
2025-08-13 16:42:25 - DB: column "fornecedor" of relation "bens" already exists, skipping (SQL State: 42701 - Error Code: 0)
2025-08-13 16:42:25 - Migrating schema "public" to version "11 - Add all missing columns"
2025-08-13 16:42:25 - DB: column "observacoes" of relation "bens" already exists, skipping (SQL State: 42701 - Error Code: 0)
2025-08-13 16:42:25 - Migrating schema "public" to version "12 - Add numero tombamento column"
2025-08-13 16:42:25 - Successfully applied 12 migrations to schema "public", now at version v12 (execution time 00:00.106s)
2025-08-13 16:42:25 - HHH000204: Processing PersistenceUnitInfo [name: default]
2025-08-13 16:42:25 - HHH000412: Hibernate ORM core version 6.5.2.Final
2025-08-13 16:42:25 - HHH000026: Second-level cache disabled
2025-08-13 16:42:25 - No LoadTimeWeaver setup: ignoring JPA class transformer
2025-08-13 16:42:25 - HHH90000025: PostgreSQLDialect does not need to be specified explicitly using 'hibernate.dialect' (remove the property setting and it will be selected by default)
2025-08-13 16:42:26 - HHH000489: No JTA platform available (set 'hibernate.transaction.jta.platform' to enable JTA platform integration)
2025-08-13 16:42:26 - 
    alter table if exists auditoria 
       alter column erro_ocorrido set data type varchar(255)
2025-08-13 16:42:26 - 
    alter table if exists auditoria 
       alter column metodo_http set data type varchar(255)
2025-08-13 16:42:26 - 
    alter table if exists auditoria 
       alter column parametros_requisicao set data type varchar(255)
2025-08-13 16:42:26 - 
    alter table if exists auditoria 
       alter column resultado_acao set data type varchar(255)
2025-08-13 16:42:26 - 
    alter table if exists auditoria 
       alter column url_requisicao set data type varchar(255)
2025-08-13 16:42:26 - 
    alter table if exists auditoria 
       alter column user_agent set data type varchar(255)
2025-08-13 16:42:26 - 
    alter table if exists baixas 
       alter column aprovado_por set data type varchar(255)
2025-08-13 16:42:26 - 
    alter table if exists baixas 
       alter column comprador set data type varchar(255)
2025-08-13 16:42:26 - 
    alter table if exists baixas 
       alter column descricao set data type varchar(1000)
2025-08-13 16:42:26 - 
    alter table if exists baixas 
       alter column documentacao_anexada set data type varchar(255)
2025-08-13 16:42:26 - 
    alter table if exists baixas 
       alter column justificativa_tecnica set data type varchar(255)
2025-08-13 16:42:26 - 
    alter table if exists baixas 
       alter column observacoes set data type varchar(1000)
2025-08-13 16:42:26 - 
    alter table if exists baixas 
       alter column valor_residual set data type numeric(12,2)
2025-08-13 16:42:26 - 
    alter table if exists baixas 
       alter column valor_venda set data type numeric(38,2)
2025-08-13 16:42:26 - 
    alter table if exists bens 
       alter column descricao set data type varchar(500)
2025-08-13 16:42:26 - 
    alter table if exists bens 
       alter column fornecedor set data type varchar(100)
2025-08-13 16:42:26 - 
    alter table if exists bens 
       alter column numero_serie set data type varchar(50)
2025-08-13 16:42:26 - 
    alter table if exists bens 
       alter column observacoes set data type varchar(1000)
2025-08-13 16:42:26 - 
    alter table if exists bens 
       alter column valor_aquisicao set data type numeric(12,2)
2025-08-13 16:42:26 - 
    alter table if exists bens 
       alter column valor_atual set data type numeric(12,2)
2025-08-13 16:42:26 - 
    alter table if exists categorias 
       alter column descricao set data type varchar(500)
2025-08-13 16:42:26 - 
    alter table if exists configuracoes 
       add column categoria varchar(255)
2025-08-13 16:42:26 - 
    alter table if exists configuracoes 
       alter column descricao set data type varchar(500)
2025-08-13 16:42:26 - 
    alter table if exists configuracoes 
       add column ordem_exibicao integer
2025-08-13 16:42:26 - 
    alter table if exists configuracoes 
       add column requer_restart boolean
2025-08-13 16:42:26 - 
    alter table if exists configuracoes 
       add column subcategoria varchar(255)
2025-08-13 16:42:26 - 
    alter table if exists configuracoes 
       add column unidade_medida varchar(255)
2025-08-13 16:42:26 - 
    alter table if exists configuracoes 
       add column validacao_regex varchar(255)
2025-08-13 16:42:26 - 
    alter table if exists configuracoes 
       alter column valor set data type varchar(255)
2025-08-13 16:42:26 - 
    alter table if exists configuracoes 
       add column valor_maximo varchar(255)
2025-08-13 16:42:26 - 
    alter table if exists configuracoes 
       add column valor_minimo varchar(255)
2025-08-13 16:42:26 - 
    alter table if exists configuracoes 
       add column valor_padrao varchar(255)
2025-08-13 16:42:26 - 
    alter table if exists configuracoes 
       add column valores_permitidos varchar(255)
2025-08-13 16:42:26 - 
    alter table if exists configuracoes 
       add column versao_configuracao varchar(255)
2025-08-13 16:42:26 - 
    alter table if exists configuracoes 
       add column visivel_interface boolean
2025-08-13 16:42:26 - 
    create table inventario_bens (
        inventario_id bigint not null,
        bem_id bigint not null
    )
2025-08-13 16:42:26 - 
    alter table if exists inventarios 
       alter column observacoes set data type varchar(1000)
2025-08-13 16:42:26 - 
    alter table if exists inventarios 
       alter column responsavel set data type varchar(100)
2025-08-13 16:42:26 - 
    alter table if exists inventarios 
       alter column status set data type varchar(255)
2025-08-13 16:42:26 - 
    alter table if exists localizacoes 
       add column contato varchar(50)
2025-08-13 16:42:26 - 
    alter table if exists localizacoes 
       alter column descricao set data type varchar(500)
2025-08-13 16:42:26 - 
    alter table if exists localizacoes 
       alter column endereco set data type varchar(200)
2025-08-13 16:42:26 - 
    alter table if exists localizacoes 
       alter column nome set data type varchar(100)
2025-08-13 16:42:26 - 
    alter table if exists localizacoes 
       alter column responsavel set data type varchar(100)
2025-08-13 16:42:26 - 
    alter table if exists manutencoes 
       add column causa_raiz varchar(255)
2025-08-13 16:42:26 - 
    alter table if exists manutencoes 
       alter column custo set data type numeric(12,2)
2025-08-13 16:42:26 - 
    alter table if exists manutencoes 
       add column data_agendamento timestamp(6)
2025-08-13 16:42:26 - 
    alter table if exists manutencoes 
       alter column descricao set data type varchar(1000)
2025-08-13 16:42:26 - 
    alter table if exists manutencoes 
       alter column observacoes set data type varchar(1000)
2025-08-13 16:42:26 - 
    alter table if exists manutencoes 
       add column prioridade integer
2025-08-13 16:42:26 - 
    alter table if exists manutencoes 
       add column recomendacoes varchar(255)
2025-08-13 16:42:26 - 
    alter table if exists manutencoes 
       add column solucao_aplicada varchar(255)
2025-08-13 16:42:26 - 
    alter table if exists manutencoes 
       alter column status set data type varchar(255)
2025-08-13 16:42:26 - 
    alter table if exists manutencoes 
       add column tempo_estimado_horas integer
2025-08-13 16:42:26 - 
    alter table if exists manutencoes 
       alter column tipo_manutencao set data type varchar(255)
2025-08-13 16:42:26 - 
    alter table if exists movimentacoes 
       alter column observacoes set data type varchar(1000)
2025-08-13 16:42:26 - 
    alter table if exists movimentacoes 
       alter column responsavel_movimentacao set data type varchar(100)
2025-08-13 16:42:26 - 
    alter table if exists movimentacoes 
       alter column tipo_movimentacao set data type varchar(255)
2025-08-13 16:42:26 - 
    alter table if exists notificacoes 
       add column acao_requerida varchar(255)
2025-08-13 16:42:26 - 
    alter table if exists notificacoes 
       add column categoria varchar(255)
2025-08-13 16:42:26 - 
    alter table if exists notificacoes 
       add column data_ultima_tentativa timestamp(6)
2025-08-13 16:42:26 - 
    alter table if exists notificacoes 
       add column entidade_relacionada varchar(255)
2025-08-13 16:42:26 - 
    alter table if exists notificacoes 
       add column enviada_por_email boolean
2025-08-13 16:42:26 - 
    alter table if exists notificacoes 
       add column enviada_por_push boolean
2025-08-13 16:42:26 - 
    alter table if exists notificacoes 
       add column enviada_por_sms boolean
2025-08-13 16:42:26 - 
    alter table if exists notificacoes 
       add column erro_envio varchar(255)
2025-08-13 16:42:26 - 
    alter table if exists notificacoes 
       add column id_entidade_relacionada bigint
2025-08-13 16:42:26 - 
    alter table if exists notificacoes 
       alter column mensagem set data type varchar(2000)
2025-08-13 16:42:26 - 
    alter table if exists notificacoes 
       add column prioridade integer
2025-08-13 16:42:26 - 
    alter table if exists notificacoes 
       add column tentativas_envio integer
2025-08-13 16:42:26 - 
    alter table if exists notificacoes 
       add column url_acao varchar(255)
2025-08-13 16:42:26 - 
    create table perfil_permissoes (
        perfil_id bigint not null,
        permissao varchar(255)
    )
2025-08-13 16:42:26 - 
    alter table if exists perfis 
       alter column descricao set data type varchar(500)
2025-08-13 16:42:26 - 
    alter table if exists perfis 
       add column nivel_acesso integer
2025-08-13 16:42:26 - 
    alter table if exists usuarios 
       add column cargo varchar(255)
2025-08-13 16:42:26 - 
    alter table if exists usuarios 
       add column cep varchar(255)
2025-08-13 16:42:26 - 
    alter table if exists usuarios 
       add column cidade varchar(255)
2025-08-13 16:42:26 - 
    alter table if exists usuarios 
       add column cpf varchar(255)
2025-08-13 16:42:26 - 
    alter table if exists usuarios 
       add column data_bloqueio timestamp(6)
2025-08-13 16:42:26 - 
    alter table if exists usuarios 
       add column data_expiracao_senha timestamp(6)
2025-08-13 16:42:26 - 
    alter table if exists usuarios 
       add column data_nascimento timestamp(6)
2025-08-13 16:42:26 - 
    alter table if exists usuarios 
       add column departamento varchar(255)
2025-08-13 16:42:26 - 
    alter table if exists usuarios 
       add column endereco varchar(255)
2025-08-13 16:42:26 - 
    alter table if exists usuarios 
       add column estado varchar(255)
2025-08-13 16:42:26 - 
    alter table if exists usuarios 
       add column matricula varchar(255)
2025-08-13 16:42:26 - 
    alter table if exists usuarios 
       add column pais varchar(255)
2025-08-13 16:42:26 - 
    alter table if exists usuarios 
       add column telefone varchar(255)
2025-08-13 16:42:26 - 
    alter table if exists usuarios 
       add column tentativas_login_falha integer
2025-08-13 16:42:26 - 
    create index idx_bem_categoria 
       on bens (categoria_id)
2025-08-13 16:42:26 - 
    create index idx_bem_localizacao 
       on bens (localizacao_atual_id)
2025-08-13 16:42:26 - 
    create index idx_bem_status 
       on bens (status)
2025-08-13 16:42:26 - 
    create index idx_bem_condicao 
       on bens (condicao)
2025-08-13 16:42:26 - 
    create index idx_bem_data_aquisicao 
       on bens (data_aquisicao)
2025-08-13 16:42:26 - 
    alter table if exists inventario_bens 
       add constraint FKgew5ukuw48jjcxwr3fko4rgiv 
       foreign key (bem_id) 
       references bens
2025-08-13 16:42:26 - 
    alter table if exists inventario_bens 
       add constraint FKpmygawiek926g80a8t7isa8da 
       foreign key (inventario_id) 
       references inventarios
2025-08-13 16:42:26 - 
    alter table if exists perfil_permissoes 
       add constraint FKa3xkpy8id5afhyqscakb31wxi 
       foreign key (perfil_id) 
       references perfis
2025-08-13 16:42:26 - Initialized JPA EntityManagerFactory for persistence unit 'default'
2025-08-13 16:42:26 - Hibernate is in classpath; If applicable, HQL parser will be used.
2025-08-13 16:42:27 - Global AuthenticationManager configured with UserDetailsService bean with name userDetailsService
2025-08-13 16:42:28 - Exposing 6 endpoints beneath base path '/actuator'
2025-08-13 16:42:28 - Will secure any request with [org.springframework.security.web.session.DisableEncodeUrlFilter@62061bec, org.springframework.security.web.context.request.async.WebAsyncManagerIntegrationFilter@35d10409, org.springframework.security.web.context.SecurityContextHolderFilter@57514114, org.springframework.security.web.header.HeaderWriterFilter@225be644, org.springframework.web.filter.CorsFilter@7153164a, org.springframework.security.web.authentication.logout.LogoutFilter@53b2678, org.springframework.security.web.authentication.www.BasicAuthenticationFilter@136bb4b, org.springframework.security.web.savedrequest.RequestCacheAwareFilter@2e7075d4, org.springframework.security.web.servletapi.SecurityContextHolderAwareRequestFilter@45ae53aa, org.springframework.security.web.authentication.AnonymousAuthenticationFilter@575f4499, org.springframework.security.web.access.ExceptionTranslationFilter@51485383, org.springframework.security.web.access.intercept.AuthorizationFilter@72810bac]
2025-08-13 16:42:28 - Using ConnectionProvider class 'org.quartz.utils.HikariCpPoolingConnectionProvider' for data source 'quartzDataSource'
2025-08-13 16:42:28 - Using default implementation for ThreadExecutor
2025-08-13 16:42:28 - Job execution threads will use class loader of thread: main
2025-08-13 16:42:28 - Initialized Scheduler Signaller of type: class org.quartz.core.SchedulerSignalerImpl
2025-08-13 16:42:28 - Quartz Scheduler v.2.3.2 created.
2025-08-13 16:42:28 - Using thread monitor-based data access locking (synchronization).
2025-08-13 16:42:28 - JobStoreTX initialized.
2025-08-13 16:42:28 - Scheduler meta-data: Quartz Scheduler (v2.3.2) 'PatrimonioScheduler' with instanceId 'NON_CLUSTERED'
  Scheduler class: 'org.quartz.core.QuartzScheduler' - running locally.
  NOT STARTED.
  Currently in standby mode.
  Number of jobs executed: 0
  Using thread pool 'org.quartz.simpl.SimpleThreadPool' - with 10 threads.
  Using job-store 'org.quartz.impl.jdbcjobstore.JobStoreTX' - which supports persistence. and is not clustered.

2025-08-13 16:42:28 - Quartz scheduler 'PatrimonioScheduler' initialized from an externally provided properties instance.
2025-08-13 16:42:28 - Quartz scheduler version: 2.3.2
2025-08-13 16:42:28 - JobFactory set to: org.springframework.scheduling.quartz.SpringBeanJobFactory@3adeb7d5
2025-08-13 16:42:28 - Starting Quartz Scheduler now
2025-08-13 16:42:28 - HikariPool-2 - Starting...
2025-08-13 16:42:28 - HikariPool-2 - Added connection org.postgresql.jdbc.PgConnection@19d6da87
2025-08-13 16:42:28 - HikariPool-2 - Start completed.
2025-08-13 16:42:28 - Freed 0 triggers from 'acquired' / 'blocked' state.
2025-08-13 16:42:28 - Recovering 0 jobs that were in-progress at the time of the last shut-down.
2025-08-13 16:42:28 - Recovery complete.
2025-08-13 16:42:28 - Removed 0 'complete' triggers.
2025-08-13 16:42:28 - Removed 0 stale fired job entries.
2025-08-13 16:42:28 - Scheduler PatrimonioScheduler_$_NON_CLUSTERED started.
2025-08-13 16:42:28 - Started PatrimonioApiApplicationTests in 5.226 seconds (process running for 5.728)
2025-08-13 16:42:28 - 
    select
        count(*) 
    from
        categorias c1_0
]]></system-out>
    <system-err><![CDATA[WARNING: A Java agent has been loaded dynamically (/home/jairo/.m2/repository/net/bytebuddy/byte-buddy-agent/1.14.16/byte-buddy-agent-1.14.16.jar)
WARNING: If a serviceability tool is in use, please run with -XX:+EnableDynamicAgentLoading to hide this warning
WARNING: If a serviceability tool is not in use, please run with -Djdk.instrument.traceUsage for more information
WARNING: Dynamic loading of agents will be disallowed by default in a future release
]]></system-err>
  </testcase>
</testsuite>